FKPK_GTW_ACTION
FIN_MESSAGE_CAT_SET_IDX
FIRCO_FIN_MESSAGE_CAT_SET_PK
FIRCO_WKF_TYPES_PK
FIRCO_WKF_SQL_MAPS_PK
IDXCOL_1
IDXCOL_3
IDXCOL_2
PKCOL_ID
REAPP_OLD_TMP_CHK_TMP_CHK_IX
REAPP_TEMPL_TEMP_CHK_PK
REAPP_TEMPL_TEMP_CHK_UN
REAPP_CLONE_TEMPLATE_IDX
REAPP_CLONE_RULE_IDX
REAPPCLONESYSID_UN
FIRCO_CTY_REAPP_CLONE_PK
REF_QUERY_STATUS_PK
FPRFDEC_PRF
FKPK_FMFPROFDEC
REAPP_TEMPL_MIG_STATUS_IDX
FIRCO_CTY_REAPP_TEMPL_BU_IDX
REAPP_TEMPL_RULE_IDX
FIRCO_CTY_REAPP_TEMPL_PK
REAPP_TEMPL_CHECKSUM_BU_UN
REF_FIELD75_PK
FIRCO_CTY_REPORT_UNIT_PK
FIRCO_CTY_REPORT_UNIT_IDX
FKPK_CODTYP
FBU_BATCH_UNIT
STRIPPING_CONTEXT_BU_ID_IDX
STRIPPING_CONTEXT_CHK_ID_IDX
STRIPPING_CONTEXT_RULE_ID_IDX
STRIPPING_CONTEXT_SYS_ID_IDX
FIRCO_CTY_STRIPPING_CONTEXT_PK
IDXVLINK_VCHLD
FIRCO_CTY_SANCTION_LISTS_PK
FIN_STATUS_MESSAGE_IDX
FIRCO_WKF_DB_VERSIONS_PK
FKPK_FMFSYSTEM
FKPK_SRCHNMS
FIRCO_WKF_APPLICATION_MENUS_PK
FUSRU_USR
FKPK_FMFUSERUNIT
FLOGF_USR
IDXVFIL_VIEWID
SRCHCDS_RCRDK
IX_SEARCH_CODE
IDXCOLOP_COLID
REF_COL_OPE_OPERATOR_ID_IDX
REF_COL_OPERATORS_PK
FMF_UNITS_BU_IDX
FUNT_UNTN
FKPK_FMFUNITS
FPRFSTAT_PRF
FKPK_FMFPROFSTATE
CTY_PAI_MES_PAIR_ID_IDX
FIRCO_CTY_PAIRING_MESSAGE_PK
FACT_DEC
FACT_OPER
APP_VIEW_ELEMENTS_VIEW_ID_IDX
FIRCO_APP_VIEW_ELEMENTS_PK
FIRCO_CTY_LIST_BU_IDX
FIRCO_CTY_LIST_PK
FUSRSES_USRLK
FUSRSES_USRSES
FUSRSES_LKMOD
FUSRSES_USRID
FKPK_FMFUSERSESS
FOF_PARAMETERS_T_IS_UNICODE_UN
FIRCO_CTY_BU_UN_NAME_UN
FIRCO_CTY_BUSINESS_UNITS_PK
FPRFR_PRF
FKPK_FMFPROFRIGHT
Q_DESCRIPTOR_PK
REAPPLY_CTX_IND
REAPPLY_CTX_PK
FMFINV_STARTD
FMFINV_STATUSID
FMFINV_STOPD
FMF_INVEST_PK
FMF_INVEST_T_SYSTEM_ID_UN
FIRCO_WKF_APPLICATIONS_PK
FIRCO_WKF_DATA_NODES_PK
APP_VIEW_ATTRIBUTES_ELE_ID_IDX
FIRCO_APP_VIEW_ATTRIBUTES_PK
STRIPPING_EVENT_CONTEXT_ID_IDX
FIRCO_CTY_STRIPPING_EVENT_PK
SRCHTTRBTS_RCRDK
FIRCO_FIN_MESSAGE_BUSINESS_IDX
FIN_MESSAGE_STA_EXP_IDX
FIRCO_FIN_MESSAGE_PK
FIRCO_FIN_MESSAGE_SRV_MIR_UN
FMF_USERS_BU_IDX
FUSR_LOGIN
PKUSER_ID
FIRCO_CTY_SCHEDULED_EXEC_PK
FIRCO_CTY_SCHED_EXEC_BUS_IDX
FIRCO_CTY_SCHED_EXEC_JOB_IDX
REP_TEMP_ACT_TEMP_FILE_ID_IDX
REP_TEMP_BU_IDX
FIRCO_CTY_REPORT_TEMPLATE_PK
FIRCO_CTY_REPORT_JOB_PK
FIRCO_FIN_MESSAGE_CATEGORY_PK
IDXUVIEW_USERID
IDXUVIEW_PROFILEID
REF_ANSWER_STATUS_PK
REAPP_EVENT_CLONE_IDX
REAPP_EVENT_TEMPLATE_IDX
FIRCO_CTY_REAPP_EVENT_PK
FIRCO_WKF_GROUPS_PK
FPWDH_USR
FPRF_PRF
FMF_PROFILES_BU_IDX
PKPROF_ID
FOF_HIT_COL_TYPE_ORIG_UN
FOF_HIT_COLOR_PK
FIRCO_CTY_REPORT_JOB_UNIT_PK
REP_JOB_UNIT_JOB_ID_IDX
REP_JOB_UNIT_FMF_UNIT_ID_IDX
PKVIEW_ID
FKPK_DECSIG
REF_APP_CODE_BU_ID_IDX
REF_APP_CODE_PK
REF_APP_CODE_NAME_UN
FIRCO_CTY_LIST_REC_LIST_IDX
FIRCO_CTY_LIST_RECORD_PK
FIRCO_CTY_LIST_RECORD_UN
FMF_LICENSE_T_PROJECT_CODE_UN
REF_INVEST_STATUS_PK
FIRCO_CTY_PAIRING_PK
FKPK_FMFUSERPREF
MESSAGE_TYPE_CAT_IDX
FIRCO_FIN_MESSAGE_TYPE_PK
CTY_REAPP_TMP_CHK_STATUS_IX
FIRCO_CTY_REAPP_CHK_STATUS_PK
FOF_TRANSITIONS_BU_IDX
FOF_TRANSITIONS_PK
VIEWS_OWNER_ID_IDX
VIEWS_OWNER_GROUP_ID_IDX
FIRCO_APP_VIEWS_PK
BU_SANC_CONF_BUSINESS_IDX
BU_SANC_CONF_SANCTION_IDX
FUSRPRF_USR
FKPK_FMFUSERPROF
FIRCO_WKF_SCRIPT_TYPES_PK
CTY_STRIPPING_CHECKSUM_UN
FIRCO_CTY_STRIPPING_CHECK_PK
FKPK_GATEWAYS
FIRCO_CTY_REAPP_TMP_CHK_PK
FIRCO_CTY_REAPP_TMP_CHK_UN
IDXVCOL_SORDER
IDXVCOL_CORDER
MESSAGE_TYPE_BU_BU_IDX
MESSAGE_TYPE_BU_ID_IDX
FIRCO_FIN_MESSAGE_TYPE_BU_PK
FOF_BCKACT_SYSID
FOF_BACK_ACTION_PK
FHACT_DECTY
FHACT_OPER
FHACT_SYSID
FIN_DAILY_RECONCILIATION_IDX
FIN_DAILY_RECONCILIATION_PK
REF_OPERATORS_PK
PKRIGH_ID
FIRCO_CTY_UNI_VIEWS_VIEW_IDX
FIRCO_CTY_UNI_VIEWS_UNI_IDX
FIRCO_CTY_UNIT_VIEWS_PK
FOF_STATES_BU_IDX
FOF_STATES_PK
PK_PROTR
PKMOD_ID
CTY_PAIR_HIST_MES_PAIR_ID_IDX
FIRCO_CTY_PAIR_HIST_MES_PK
FCOCL_UNT
FKPK_FMFCOMMCLASS
FIRCO_CTY_PRF_VIEWS_PRF_IDX
FIRCO_CTY_PRF_VIEWS_VIEW_IDX
FIRCO_CTY_PROFILE_VIEWS_PK
OBSOLETE_SESSIONS_PK
FMSG_STAT
FOFA_MESSAGE_BU_IDX
FOFA_MESSAGE_HOLDER_GATE_IDX
FOFA_MESSAGE_STATE_DATE_IDX
MESSAGE_T_MESSAGE_ID_IDX
IX_LAST_DEC_OPERATOR
FMSG_ENT_STAT
PKFMESS_ID
APP_LOG_ACTOR_GROUP_ID_IDX
FIRCO_APP_LOG_PK
FMFQUY_REFERENCE
FMFQUY_STATUSID
FMF_QUERY_PK
FKPK_FOFREPORTS
FIRCO_CTY_TEMP_FILE_PK
FMFANS_RELREF
FMFANS_STATUSID
FMF_ANS_T_QUERY_ID_UN
FMF_ANSWER_PK
PK_FIRCO_WKF_EVENTS
FHFILES_NAME
FHFILES_ID
FOF_HIST_FILES_PK
EXCEPTION_LIST_BU_ID_IDX
FIRCO_FIN_EXCEPTION_LIST_PK
REP_TEMP_FILE_TEMPLATE_ID_IDX
FIRCO_CTY_REPFILE_TEMPL_VER_UN
FIRCO_CTY_REP_TEMPLATE_FILE_PK
FHINT_SYSID_PK
FHMSG_CRDAT
HIST_MESSAGE_T_TRANSACTION_IDX
FHMSG_UNIT
FHMSG_DECTY
HIST_MESSAGE_T_MESSAGE_ID_IDX
FHMSG_CODAT
FOFA_HIST_MESSAGE_BU_IDX
FHMSG_ENT_DECTY
FHMSG_RECEIVER
FHMSG_SENDER
FHMSG_LAST_OPE
FHMSG_FIDAT
FHMSG_CURR
FHMSG_TYPE
HIST_MESSAGE_T_AMOUNT_IDX
FHMSG_SYSID_PK
SCRN_REQ_APPCODE_ID_IDX
SCREENING_REQUEST_USER_ID_IDX
SCREENING_REQUEST_BU_ID_IDX
SCREENING_REQUEST_UNIT_ID_IDX
FIRCO_CTY_SCREENING_REQUEST_PK
FIRCO_WKF_WEB_RESOURCES_PK
FIRCO_CTY_REAPP_RULE_BU_IDX
FIRCO_CTY_REAPP_RULE_PK
FIRCO_WKF_SCRIPTS_PK
FIRCO_WKF_PROCESS_GRAPHS_PK
FKPK_FMFMAILTEMPL
FFILES_ID
FFILES_NAME
FOF_FILES_PK
FIRCO_CTY_STRIP_RULE_BU_IDX
FIRCO_CTY_STRIPPING_RULE_PK
FKPK_FFINTERVENTION
FIRCO_WKF_PAGE_NODES_PK
FIRCO_WKF_RESOURCES_PK
FIRCO_CTY_REPORT_PK
REPORT_TEMPLATE_ID_IDX
REPORT_TEMPLATE_FILE_ID_IDX
REPORT_BUSINESS_UNIT_ID_IDX
ORIGINAL_MESSAG_PK
FHIT_ORIGIN
FHIT_DESIGN
FHIT_SYSID
FIRCO_CTY_PAIRING_RULE_PK
FHHIT_SYSID
FHHIT_ORIGIN
FOF_HIST_HIT_LIST_ID_IDX
FHHIT_DESIGN
FBAT_USR
FKPK_FOFABATCH